<?xml version="1.0" encoding="UTF-8"?>
<testsuite xmlns:xsi="http://www.w3.org/2001/XMLSchema-instance" xsi:noNamespaceSchemaLocation="https://maven.apache.org/surefire/maven-surefire-plugin/xsd/surefire-test-report-3.0.xsd" version="3.0" name="com.rocketseat.passIn.PassInApplicationTests" time="80.795" tests="1" errors="0" skipped="0" failures="0">
  <properties>
    <property name="java.specification.version" value="17"/>
    <property name="sun.jnu.encoding" value="UTF-8"/>
    <property name="java.class.path" value="/home/lara/Documentos/passIn/target/test-classes:/home/lara/Documentos/passIn/target/classes:/home/lara/.m2/repository/org/springframework/boot/spring-boot-starter-data-jpa/3.2.4/spring-boot-starter-data-jpa-3.2.4.jar:/home/lara/.m2/repository/org/springframework/boot/spring-boot-starter-aop/3.2.4/spring-boot-starter-aop-3.2.4.jar:/home/lara/.m2/repository/org/springframework/spring-aop/6.1.5/spring-aop-6.1.5.jar:/home/lara/.m2/repository/org/aspectj/aspectjweaver/1.9.21/aspectjweaver-1.9.21.jar:/home/lara/.m2/repository/org/springframework/boot/spring-boot-starter-jdbc/3.2.4/spring-boot-starter-jdbc-3.2.4.jar:/home/lara/.m2/repository/com/zaxxer/HikariCP/5.0.1/HikariCP-5.0.1.jar:/home/lara/.m2/repository/org/springframework/spring-jdbc/6.1.5/spring-jdbc-6.1.5.jar:/home/lara/.m2/repository/org/hibernate/orm/hibernate-core/6.4.4.Final/hibernate-core-6.4.4.Final.jar:/home/lara/.m2/repository/jakarta/persistence/jakarta.persistence-api/3.1.0/jakarta.persistence-api-3.1.0.jar:/home/lara/.m2/repository/jakarta/transaction/jakarta.transaction-api/2.0.1/jakarta.transaction-api-2.0.1.jar:/home/lara/.m2/repository/org/jboss/logging/jboss-logging/3.5.3.Final/jboss-logging-3.5.3.Final.jar:/home/lara/.m2/repository/org/hibernate/common/hibernate-commons-annotations/6.0.6.Final/hibernate-commons-annotations-6.0.6.Final.jar:/home/lara/.m2/repository/io/smallrye/jandex/3.1.2/jandex-3.1.2.jar:/home/lara/.m2/repository/com/fasterxml/classmate/1.6.0/classmate-1.6.0.jar:/home/lara/.m2/repository/net/bytebuddy/byte-buddy/1.14.12/byte-buddy-1.14.12.jar:/home/lara/.m2/repository/org/glassfish/jaxb/jaxb-runtime/4.0.5/jaxb-runtime-4.0.5.jar:/home/lara/.m2/repository/org/glassfish/jaxb/jaxb-core/4.0.5/jaxb-core-4.0.5.jar:/home/lara/.m2/repository/org/eclipse/angus/angus-activation/2.0.2/angus-activation-2.0.2.jar:/home/lara/.m2/repository/org/glassfish/jaxb/txw2/4.0.5/txw2-4.0.5.jar:/home/lara/.m2/repository/com/sun/istack/istack-commons-runtime/4.1.2/istack-commons-runtime-4.1.2.jar:/home/lara/.m2/repository/jakarta/inject/jakarta.inject-api/2.0.1/jakarta.inject-api-2.0.1.jar:/home/lara/.m2/repository/org/antlr/antlr4-runtime/4.13.0/antlr4-runtime-4.13.0.jar:/home/lara/.m2/repository/org/springframework/data/spring-data-jpa/3.2.4/spring-data-jpa-3.2.4.jar:/home/lara/.m2/repository/org/springframework/data/spring-data-commons/3.2.4/spring-data-commons-3.2.4.jar:/home/lara/.m2/repository/org/springframework/spring-orm/6.1.5/spring-orm-6.1.5.jar:/home/lara/.m2/repository/org/springframework/spring-context/6.1.5/spring-context-6.1.5.jar:/home/lara/.m2/repository/org/springframework/spring-tx/6.1.5/spring-tx-6.1.5.jar:/home/lara/.m2/repository/org/springframework/spring-beans/6.1.5/spring-beans-6.1.5.jar:/home/lara/.m2/repository/jakarta/annotation/jakarta.annotation-api/2.1.1/jakarta.annotation-api-2.1.1.jar:/home/lara/.m2/repository/org/slf4j/slf4j-api/2.0.12/slf4j-api-2.0.12.jar:/home/lara/.m2/repository/org/springframework/spring-aspects/6.1.5/spring-aspects-6.1.5.jar:/home/lara/.m2/repository/org/springframework/boot/spring-boot-starter-web/3.2.4/spring-boot-starter-web-3.2.4.jar:/home/lara/.m2/repository/org/springframework/boot/spring-boot-starter/3.2.4/spring-boot-starter-3.2.4.jar:/home/lara/.m2/repository/org/springframework/boot/spring-boot-starter-logging/3.2.4/spring-boot-starter-logging-3.2.4.jar:/home/lara/.m2/repository/ch/qos/logback/logback-classic/1.4.14/logback-classic-1.4.14.jar:/home/lara/.m2/repository/ch/qos/logback/logback-core/1.4.14/logback-core-1.4.14.jar:/home/lara/.m2/repository/org/apache/logging/log4j/log4j-to-slf4j/2.21.1/log4j-to-slf4j-2.21.1.jar:/home/lara/.m2/repository/org/apache/logging/log4j/log4j-api/2.21.1/log4j-api-2.21.1.jar:/home/lara/.m2/repository/org/slf4j/jul-to-slf4j/2.0.12/jul-to-slf4j-2.0.12.jar:/home/lara/.m2/repository/org/yaml/snakeyaml/2.2/snakeyaml-2.2.jar:/home/lara/.m2/repository/org/springframework/boot/spring-boot-starter-json/3.2.4/spring-boot-starter-json-3.2.4.jar:/home/lara/.m2/repository/com/fasterxml/jackson/core/jackson-databind/2.15.4/jackson-databind-2.15.4.jar:/home/lara/.m2/repository/com/fasterxml/jackson/core/jackson-annotations/2.15.4/jackson-annotations-2.15.4.jar:/home/lara/.m2/repository/com/fasterxml/jackson/datatype/jackson-datatype-jdk8/2.15.4/jackson-datatype-jdk8-2.15.4.jar:/home/lara/.m2/repository/com/fasterxml/jackson/datatype/jackson-datatype-jsr310/2.15.4/jackson-datatype-jsr310-2.15.4.jar:/home/lara/.m2/repository/com/fasterxml/jackson/module/jackson-module-parameter-names/2.15.4/jackson-module-parameter-names-2.15.4.jar:/home/lara/.m2/repository/org/springframework/boot/spring-boot-starter-tomcat/3.2.4/spring-boot-starter-tomcat-3.2.4.jar:/home/lara/.m2/repository/org/apache/tomcat/embed/tomcat-embed-core/10.1.19/tomcat-embed-core-10.1.19.jar:/home/lara/.m2/repository/org/apache/tomcat/embed/tomcat-embed-el/10.1.19/tomcat-embed-el-10.1.19.jar:/home/lara/.m2/repository/org/apache/tomcat/embed/tomcat-embed-websocket/10.1.19/tomcat-embed-websocket-10.1.19.jar:/home/lara/.m2/repository/org/springframework/spring-web/6.1.5/spring-web-6.1.5.jar:/home/lara/.m2/repository/io/micrometer/micrometer-observation/1.12.4/micrometer-observation-1.12.4.jar:/home/lara/.m2/repository/io/micrometer/micrometer-commons/1.12.4/micrometer-commons-1.12.4.jar:/home/lara/.m2/repository/org/springframework/spring-webmvc/6.1.5/spring-webmvc-6.1.5.jar:/home/lara/.m2/repository/org/springframework/spring-expression/6.1.5/spring-expression-6.1.5.jar:/home/lara/.m2/repository/org/flywaydb/flyway-core/9.22.3/flyway-core-9.22.3.jar:/home/lara/.m2/repository/com/fasterxml/jackson/dataformat/jackson-dataformat-toml/2.15.4/jackson-dataformat-toml-2.15.4.jar:/home/lara/.m2/repository/com/fasterxml/jackson/core/jackson-core/2.15.4/jackson-core-2.15.4.jar:/home/lara/.m2/repository/com/google/code/gson/gson/2.10.1/gson-2.10.1.jar:/home/lara/.m2/repository/org/springframework/boot/spring-boot-devtools/3.2.4/spring-boot-devtools-3.2.4.jar:/home/lara/.m2/repository/org/springframework/boot/spring-boot/3.2.4/spring-boot-3.2.4.jar:/home/lara/.m2/repository/org/springframework/boot/spring-boot-autoconfigure/3.2.4/spring-boot-autoconfigure-3.2.4.jar:/home/lara/.m2/repository/org/projectlombok/lombok/1.18.30/lombok-1.18.30.jar:/home/lara/.m2/repository/org/springframework/boot/spring-boot-starter-test/3.2.4/spring-boot-starter-test-3.2.4.jar:/home/lara/.m2/repository/org/springframework/boot/spring-boot-test/3.2.4/spring-boot-test-3.2.4.jar:/home/lara/.m2/repository/org/springframework/boot/spring-boot-test-autoconfigure/3.2.4/spring-boot-test-autoconfigure-3.2.4.jar:/home/lara/.m2/repository/com/jayway/jsonpath/json-path/2.9.0/json-path-2.9.0.jar:/home/lara/.m2/repository/jakarta/xml/bind/jakarta.xml.bind-api/4.0.2/jakarta.xml.bind-api-4.0.2.jar:/home/lara/.m2/repository/jakarta/activation/jakarta.activation-api/2.1.3/jakarta.activation-api-2.1.3.jar:/home/lara/.m2/repository/net/minidev/json-smart/2.5.0/json-smart-2.5.0.jar:/home/lara/.m2/repository/net/minidev/accessors-smart/2.5.0/accessors-smart-2.5.0.jar:/home/lara/.m2/repository/org/ow2/asm/asm/9.3/asm-9.3.jar:/home/lara/.m2/repository/org/assertj/assertj-core/3.24.2/assertj-core-3.24.2.jar:/home/lara/.m2/repository/org/awaitility/awaitility/4.2.0/awaitility-4.2.0.jar:/home/lara/.m2/repository/org/hamcrest/hamcrest/2.2/hamcrest-2.2.jar:/home/lara/.m2/repository/org/junit/jupiter/junit-jupiter/5.10.2/junit-jupiter-5.10.2.jar:/home/lara/.m2/repository/org/junit/jupiter/junit-jupiter-api/5.10.2/junit-jupiter-api-5.10.2.jar:/home/lara/.m2/repository/org/opentest4j/opentest4j/1.3.0/opentest4j-1.3.0.jar:/home/lara/.m2/repository/org/junit/platform/junit-platform-commons/1.10.2/junit-platform-commons-1.10.2.jar:/home/lara/.m2/repository/org/apiguardian/apiguardian-api/1.1.2/apiguardian-api-1.1.2.jar:/home/lara/.m2/repository/org/junit/jupiter/junit-jupiter-params/5.10.2/junit-jupiter-params-5.10.2.jar:/home/lara/.m2/repository/org/junit/jupiter/junit-jupiter-engine/5.10.2/junit-jupiter-engine-5.10.2.jar:/home/lara/.m2/repository/org/junit/platform/junit-platform-engine/1.10.2/junit-platform-engine-1.10.2.jar:/home/lara/.m2/repository/org/mockito/mockito-core/5.7.0/mockito-core-5.7.0.jar:/home/lara/.m2/repository/net/bytebuddy/byte-buddy-agent/1.14.12/byte-buddy-agent-1.14.12.jar:/home/lara/.m2/repository/org/objenesis/objenesis/3.3/objenesis-3.3.jar:/home/lara/.m2/repository/org/mockito/mockito-junit-jupiter/5.7.0/mockito-junit-jupiter-5.7.0.jar:/home/lara/.m2/repository/org/skyscreamer/jsonassert/1.5.1/jsonassert-1.5.1.jar:/home/lara/.m2/repository/com/vaadin/external/google/android-json/0.0.20131108.vaadin1/android-json-0.0.20131108.vaadin1.jar:/home/lara/.m2/repository/org/springframework/spring-core/6.1.5/spring-core-6.1.5.jar:/home/lara/.m2/repository/org/springframework/spring-jcl/6.1.5/spring-jcl-6.1.5.jar:/home/lara/.m2/repository/org/springframework/spring-test/6.1.5/spring-test-6.1.5.jar:/home/lara/.m2/repository/org/xmlunit/xmlunit-core/2.9.1/xmlunit-core-2.9.1.jar:/home/lara/.m2/repository/org/hsqldb/hsqldb/2.7.1/hsqldb-2.7.1.jar:"/>
    <property name="java.vm.vendor" value="Oracle Corporation"/>
    <property name="sun.arch.data.model" value="64"/>
    <property name="java.vendor.url" value="https://java.oracle.com/"/>
    <property name="user.timezone" value="America/Bahia"/>
    <property name="org.jboss.logging.provider" value="slf4j"/>
    <property name="os.name" value="Linux"/>
    <property name="java.vm.specification.version" value="17"/>
    <property name="sun.java.launcher" value="SUN_STANDARD"/>
    <property name="user.country" value="BR"/>
    <property name="sun.boot.library.path" value="/usr/lib/jvm/java-17-oracle/lib"/>
    <property name="sun.java.command" value="/home/lara/Documentos/passIn/target/surefire/surefirebooter-20240403143507060_3.jar /home/lara/Documentos/passIn/target/surefire 2024-04-03T14-35-03_660-jvmRun1 surefire-20240403143507060_1tmp surefire_0-20240403143507060_2tmp"/>
    <property name="jdk.debug" value="release"/>
    <property name="surefire.test.class.path" value="/home/lara/Documentos/passIn/target/test-classes:/home/lara/Documentos/passIn/target/classes:/home/lara/.m2/repository/org/springframework/boot/spring-boot-starter-data-jpa/3.2.4/spring-boot-starter-data-jpa-3.2.4.jar:/home/lara/.m2/repository/org/springframework/boot/spring-boot-starter-aop/3.2.4/spring-boot-starter-aop-3.2.4.jar:/home/lara/.m2/repository/org/springframework/spring-aop/6.1.5/spring-aop-6.1.5.jar:/home/lara/.m2/repository/org/aspectj/aspectjweaver/1.9.21/aspectjweaver-1.9.21.jar:/home/lara/.m2/repository/org/springframework/boot/spring-boot-starter-jdbc/3.2.4/spring-boot-starter-jdbc-3.2.4.jar:/home/lara/.m2/repository/com/zaxxer/HikariCP/5.0.1/HikariCP-5.0.1.jar:/home/lara/.m2/repository/org/springframework/spring-jdbc/6.1.5/spring-jdbc-6.1.5.jar:/home/lara/.m2/repository/org/hibernate/orm/hibernate-core/6.4.4.Final/hibernate-core-6.4.4.Final.jar:/home/lara/.m2/repository/jakarta/persistence/jakarta.persistence-api/3.1.0/jakarta.persistence-api-3.1.0.jar:/home/lara/.m2/repository/jakarta/transaction/jakarta.transaction-api/2.0.1/jakarta.transaction-api-2.0.1.jar:/home/lara/.m2/repository/org/jboss/logging/jboss-logging/3.5.3.Final/jboss-logging-3.5.3.Final.jar:/home/lara/.m2/repository/org/hibernate/common/hibernate-commons-annotations/6.0.6.Final/hibernate-commons-annotations-6.0.6.Final.jar:/home/lara/.m2/repository/io/smallrye/jandex/3.1.2/jandex-3.1.2.jar:/home/lara/.m2/repository/com/fasterxml/classmate/1.6.0/classmate-1.6.0.jar:/home/lara/.m2/repository/net/bytebuddy/byte-buddy/1.14.12/byte-buddy-1.14.12.jar:/home/lara/.m2/repository/org/glassfish/jaxb/jaxb-runtime/4.0.5/jaxb-runtime-4.0.5.jar:/home/lara/.m2/repository/org/glassfish/jaxb/jaxb-core/4.0.5/jaxb-core-4.0.5.jar:/home/lara/.m2/repository/org/eclipse/angus/angus-activation/2.0.2/angus-activation-2.0.2.jar:/home/lara/.m2/repository/org/glassfish/jaxb/txw2/4.0.5/txw2-4.0.5.jar:/home/lara/.m2/repository/com/sun/istack/istack-commons-runtime/4.1.2/istack-commons-runtime-4.1.2.jar:/home/lara/.m2/repository/jakarta/inject/jakarta.inject-api/2.0.1/jakarta.inject-api-2.0.1.jar:/home/lara/.m2/repository/org/antlr/antlr4-runtime/4.13.0/antlr4-runtime-4.13.0.jar:/home/lara/.m2/repository/org/springframework/data/spring-data-jpa/3.2.4/spring-data-jpa-3.2.4.jar:/home/lara/.m2/repository/org/springframework/data/spring-data-commons/3.2.4/spring-data-commons-3.2.4.jar:/home/lara/.m2/repository/org/springframework/spring-orm/6.1.5/spring-orm-6.1.5.jar:/home/lara/.m2/repository/org/springframework/spring-context/6.1.5/spring-context-6.1.5.jar:/home/lara/.m2/repository/org/springframework/spring-tx/6.1.5/spring-tx-6.1.5.jar:/home/lara/.m2/repository/org/springframework/spring-beans/6.1.5/spring-beans-6.1.5.jar:/home/lara/.m2/repository/jakarta/annotation/jakarta.annotation-api/2.1.1/jakarta.annotation-api-2.1.1.jar:/home/lara/.m2/repository/org/slf4j/slf4j-api/2.0.12/slf4j-api-2.0.12.jar:/home/lara/.m2/repository/org/springframework/spring-aspects/6.1.5/spring-aspects-6.1.5.jar:/home/lara/.m2/repository/org/springframework/boot/spring-boot-starter-web/3.2.4/spring-boot-starter-web-3.2.4.jar:/home/lara/.m2/repository/org/springframework/boot/spring-boot-starter/3.2.4/spring-boot-starter-3.2.4.jar:/home/lara/.m2/repository/org/springframework/boot/spring-boot-starter-logging/3.2.4/spring-boot-starter-logging-3.2.4.jar:/home/lara/.m2/repository/ch/qos/logback/logback-classic/1.4.14/logback-classic-1.4.14.jar:/home/lara/.m2/repository/ch/qos/logback/logback-core/1.4.14/logback-core-1.4.14.jar:/home/lara/.m2/repository/org/apache/logging/log4j/log4j-to-slf4j/2.21.1/log4j-to-slf4j-2.21.1.jar:/home/lara/.m2/repository/org/apache/logging/log4j/log4j-api/2.21.1/log4j-api-2.21.1.jar:/home/lara/.m2/repository/org/slf4j/jul-to-slf4j/2.0.12/jul-to-slf4j-2.0.12.jar:/home/lara/.m2/repository/org/yaml/snakeyaml/2.2/snakeyaml-2.2.jar:/home/lara/.m2/repository/org/springframework/boot/spring-boot-starter-json/3.2.4/spring-boot-starter-json-3.2.4.jar:/home/lara/.m2/repository/com/fasterxml/jackson/core/jackson-databind/2.15.4/jackson-databind-2.15.4.jar:/home/lara/.m2/repository/com/fasterxml/jackson/core/jackson-annotations/2.15.4/jackson-annotations-2.15.4.jar:/home/lara/.m2/repository/com/fasterxml/jackson/datatype/jackson-datatype-jdk8/2.15.4/jackson-datatype-jdk8-2.15.4.jar:/home/lara/.m2/repository/com/fasterxml/jackson/datatype/jackson-datatype-jsr310/2.15.4/jackson-datatype-jsr310-2.15.4.jar:/home/lara/.m2/repository/com/fasterxml/jackson/module/jackson-module-parameter-names/2.15.4/jackson-module-parameter-names-2.15.4.jar:/home/lara/.m2/repository/org/springframework/boot/spring-boot-starter-tomcat/3.2.4/spring-boot-starter-tomcat-3.2.4.jar:/home/lara/.m2/repository/org/apache/tomcat/embed/tomcat-embed-core/10.1.19/tomcat-embed-core-10.1.19.jar:/home/lara/.m2/repository/org/apache/tomcat/embed/tomcat-embed-el/10.1.19/tomcat-embed-el-10.1.19.jar:/home/lara/.m2/repository/org/apache/tomcat/embed/tomcat-embed-websocket/10.1.19/tomcat-embed-websocket-10.1.19.jar:/home/lara/.m2/repository/org/springframework/spring-web/6.1.5/spring-web-6.1.5.jar:/home/lara/.m2/repository/io/micrometer/micrometer-observation/1.12.4/micrometer-observation-1.12.4.jar:/home/lara/.m2/repository/io/micrometer/micrometer-commons/1.12.4/micrometer-commons-1.12.4.jar:/home/lara/.m2/repository/org/springframework/spring-webmvc/6.1.5/spring-webmvc-6.1.5.jar:/home/lara/.m2/repository/org/springframework/spring-expression/6.1.5/spring-expression-6.1.5.jar:/home/lara/.m2/repository/org/flywaydb/flyway-core/9.22.3/flyway-core-9.22.3.jar:/home/lara/.m2/repository/com/fasterxml/jackson/dataformat/jackson-dataformat-toml/2.15.4/jackson-dataformat-toml-2.15.4.jar:/home/lara/.m2/repository/com/fasterxml/jackson/core/jackson-core/2.15.4/jackson-core-2.15.4.jar:/home/lara/.m2/repository/com/google/code/gson/gson/2.10.1/gson-2.10.1.jar:/home/lara/.m2/repository/org/springframework/boot/spring-boot-devtools/3.2.4/spring-boot-devtools-3.2.4.jar:/home/lara/.m2/repository/org/springframework/boot/spring-boot/3.2.4/spring-boot-3.2.4.jar:/home/lara/.m2/repository/org/springframework/boot/spring-boot-autoconfigure/3.2.4/spring-boot-autoconfigure-3.2.4.jar:/home/lara/.m2/repository/org/projectlombok/lombok/1.18.30/lombok-1.18.30.jar:/home/lara/.m2/repository/org/springframework/boot/spring-boot-starter-test/3.2.4/spring-boot-starter-test-3.2.4.jar:/home/lara/.m2/repository/org/springframework/boot/spring-boot-test/3.2.4/spring-boot-test-3.2.4.jar:/home/lara/.m2/repository/org/springframework/boot/spring-boot-test-autoconfigure/3.2.4/spring-boot-test-autoconfigure-3.2.4.jar:/home/lara/.m2/repository/com/jayway/jsonpath/json-path/2.9.0/json-path-2.9.0.jar:/home/lara/.m2/repository/jakarta/xml/bind/jakarta.xml.bind-api/4.0.2/jakarta.xml.bind-api-4.0.2.jar:/home/lara/.m2/repository/jakarta/activation/jakarta.activation-api/2.1.3/jakarta.activation-api-2.1.3.jar:/home/lara/.m2/repository/net/minidev/json-smart/2.5.0/json-smart-2.5.0.jar:/home/lara/.m2/repository/net/minidev/accessors-smart/2.5.0/accessors-smart-2.5.0.jar:/home/lara/.m2/repository/org/ow2/asm/asm/9.3/asm-9.3.jar:/home/lara/.m2/repository/org/assertj/assertj-core/3.24.2/assertj-core-3.24.2.jar:/home/lara/.m2/repository/org/awaitility/awaitility/4.2.0/awaitility-4.2.0.jar:/home/lara/.m2/repository/org/hamcrest/hamcrest/2.2/hamcrest-2.2.jar:/home/lara/.m2/repository/org/junit/jupiter/junit-jupiter/5.10.2/junit-jupiter-5.10.2.jar:/home/lara/.m2/repository/org/junit/jupiter/junit-jupiter-api/5.10.2/junit-jupiter-api-5.10.2.jar:/home/lara/.m2/repository/org/opentest4j/opentest4j/1.3.0/opentest4j-1.3.0.jar:/home/lara/.m2/repository/org/junit/platform/junit-platform-commons/1.10.2/junit-platform-commons-1.10.2.jar:/home/lara/.m2/repository/org/apiguardian/apiguardian-api/1.1.2/apiguardian-api-1.1.2.jar:/home/lara/.m2/repository/org/junit/jupiter/junit-jupiter-params/5.10.2/junit-jupiter-params-5.10.2.jar:/home/lara/.m2/repository/org/junit/jupiter/junit-jupiter-engine/5.10.2/junit-jupiter-engine-5.10.2.jar:/home/lara/.m2/repository/org/junit/platform/junit-platform-engine/1.10.2/junit-platform-engine-1.10.2.jar:/home/lara/.m2/repository/org/mockito/mockito-core/5.7.0/mockito-core-5.7.0.jar:/home/lara/.m2/repository/net/bytebuddy/byte-buddy-agent/1.14.12/byte-buddy-agent-1.14.12.jar:/home/lara/.m2/repository/org/objenesis/objenesis/3.3/objenesis-3.3.jar:/home/lara/.m2/repository/org/mockito/mockito-junit-jupiter/5.7.0/mockito-junit-jupiter-5.7.0.jar:/home/lara/.m2/repository/org/skyscreamer/jsonassert/1.5.1/jsonassert-1.5.1.jar:/home/lara/.m2/repository/com/vaadin/external/google/android-json/0.0.20131108.vaadin1/android-json-0.0.20131108.vaadin1.jar:/home/lara/.m2/repository/org/springframework/spring-core/6.1.5/spring-core-6.1.5.jar:/home/lara/.m2/repository/org/springframework/spring-jcl/6.1.5/spring-jcl-6.1.5.jar:/home/lara/.m2/repository/org/springframework/spring-test/6.1.5/spring-test-6.1.5.jar:/home/lara/.m2/repository/org/xmlunit/xmlunit-core/2.9.1/xmlunit-core-2.9.1.jar:/home/lara/.m2/repository/org/hsqldb/hsqldb/2.7.1/hsqldb-2.7.1.jar:"/>
    <property name="sun.cpu.endian" value="little"/>
    <property name="user.home" value="/home/lara"/>
    <property name="user.language" value="pt"/>
    <property name="java.specification.vendor" value="Oracle Corporation"/>
    <property name="java.version.date" value="2023-01-17"/>
    <property name="java.home" value="/usr/lib/jvm/java-17-oracle"/>
    <property name="file.separator" value="/"/>
    <property name="basedir" value="/home/lara/Documentos/passIn"/>
    <property name="java.vm.compressedOopsMode" value="32-bit"/>
    <property name="line.separator" value="&#10;"/>
    <property name="java.specification.name" value="Java Platform API Specification"/>
    <property name="java.vm.specification.vendor" value="Oracle Corporation"/>
    <property name="FILE_LOG_CHARSET" value="UTF-8"/>
    <property name="java.awt.headless" value="true"/>
    <property name="surefire.real.class.path" value="/home/lara/Documentos/passIn/target/surefire/surefirebooter-20240403143507060_3.jar"/>
    <property name="sun.management.compiler" value="HotSpot 64-Bit Tiered Compilers"/>
    <property name="java.runtime.version" value="17.0.6+9-LTS-190"/>
    <property name="user.name" value="lara"/>
    <property name="path.separator" value=":"/>
    <property name="os.version" value="5.15.0-76-generic"/>
    <property name="java.runtime.name" value="Java(TM) SE Runtime Environment"/>
    <property name="file.encoding" value="UTF-8"/>
    <property name="java.vm.name" value="Java HotSpot(TM) 64-Bit Server VM"/>
    <property name="maven.ext.class.path" value="/usr/lib/apache-netbeans/java/maven-nblib/netbeans-eventspy.jar"/>
    <property name="localRepository" value="/home/lara/.m2/repository"/>
    <property name="java.vendor.url.bug" value="https://bugreport.java.com/bugreport/"/>
    <property name="java.io.tmpdir" value="/tmp"/>
    <property name="com.zaxxer.hikari.pool_number" value="1"/>
    <property name="java.version" value="17.0.6"/>
    <property name="user.dir" value="/home/lara/Documentos/passIn"/>
    <property name="os.arch" value="amd64"/>
    <property name="java.vm.specification.name" value="Java Virtual Machine Specification"/>
    <property name="PID" value="3346"/>
    <property name="CONSOLE_LOG_CHARSET" value="UTF-8"/>
    <property name="native.encoding" value="UTF-8"/>
    <property name="java.library.path" value="/usr/java/packages/lib:/usr/lib64:/lib64:/lib:/usr/lib"/>
    <property name="java.vm.info" value="mixed mode, sharing"/>
    <property name="java.vendor" value="Oracle Corporation"/>
    <property name="java.vm.version" value="17.0.6+9-LTS-190"/>
    <property name="sun.io.unicode.encoding" value="UnicodeLittle"/>
    <property name="java.class.version" value="61.0"/>
    <property name="LOGGED_APPLICATION_NAME" value="[passIn] "/>
  </properties>
  <testcase name="contextLoads" classname="com.rocketseat.passIn.PassInApplicationTests" time="17.421">
    <system-out><![CDATA[14:35:13.094 [main] INFO org.springframework.test.context.support.AnnotationConfigContextLoaderUtils -- Could not detect default configuration classes for test class [com.rocketseat.passIn.PassInApplicationTests]: PassInApplicationTests does not declare any static, non-private, non-final, nested classes annotated with @Configuration.
14:35:15.244 [main] INFO org.springframework.boot.test.context.SpringBootTestContextBootstrapper -- Found @SpringBootConfiguration com.rocketseat.passIn.PassInApplication for test class com.rocketseat.passIn.PassInApplicationTests
14:35:16.084 [main] INFO org.springframework.boot.devtools.restart.RestartApplicationListener -- Restart disabled due to context in which it is running

  .   ____          _            __ _ _
 /\\ / ___'_ __ _ _(_)_ __  __ _ \ \ \ \
( ( )\___ | '_ | '_| | '_ \/ _` | \ \ \ \
 \\/  ___)| |_)| | | | | || (_| |  ) ) ) )
  '  |____| .__|_| |_|_| |_\__, | / / / /
 =========|_|==============|___/=/_/_/_/
 :: Spring Boot ::                (v3.2.4)

2024-04-03T14:35:25.405-03:00  INFO 3346 --- [passIn] [           main] c.r.passIn.PassInApplicationTests        : Starting PassInApplicationTests using Java 17.0.6 with PID 3346 (started by lara in /home/lara/Documentos/passIn)
2024-04-03T14:35:25.419-03:00  INFO 3346 --- [passIn] [           main] c.r.passIn.PassInApplicationTests        : No active profile set, falling back to 1 default profile: "default"
2024-04-03T14:35:29.662-03:00  INFO 3346 --- [passIn] [           main] .s.d.r.c.RepositoryConfigurationDelegate : Bootstrapping Spring Data JPA repositories in DEFAULT mode.
2024-04-03T14:35:30.104-03:00  INFO 3346 --- [passIn] [           main] .s.d.r.c.RepositoryConfigurationDelegate : Finished Spring Data repository scanning in 399 ms. Found 0 JPA repository interfaces.
2024-04-03T14:35:43.774-03:00  INFO 3346 --- [passIn] [           main] com.zaxxer.hikari.HikariDataSource       : HikariPool-1 - Starting...
2024-04-03T14:35:45.264-03:00  INFO 3346 --- [passIn] [           main] com.zaxxer.hikari.pool.PoolBase          : HikariPool-1 - Driver does not support get/set network timeout for connections. (feature not supported)
2024-04-03T14:35:45.267-03:00  INFO 3346 --- [passIn] [           main] com.zaxxer.hikari.pool.HikariPool        : HikariPool-1 - Added connection org.hsqldb.jdbc.JDBCConnection@65629ac6
2024-04-03T14:35:45.271-03:00  INFO 3346 --- [passIn] [           main] com.zaxxer.hikari.HikariDataSource       : HikariPool-1 - Start completed.
2024-04-03T14:35:45.584-03:00  INFO 3346 --- [passIn] [           main] o.f.c.internal.license.VersionPrinter    : Flyway Community Edition 9.22.3 by Redgate
2024-04-03T14:35:45.585-03:00  INFO 3346 --- [passIn] [           main] o.f.c.internal.license.VersionPrinter    : See release notes here: https://rd.gt/416ObMi
2024-04-03T14:35:45.586-03:00  INFO 3346 --- [passIn] [           main] o.f.c.internal.license.VersionPrinter    : 
2024-04-03T14:35:45.640-03:00  INFO 3346 --- [passIn] [           main] org.flywaydb.core.FlywayExecutor         : Database: jdbc:hsqldb:file:src/main/resources/database/myDb;shutdown=true (HSQL Database Engine 2.7)
2024-04-03T14:35:45.669-03:00  WARN 3346 --- [passIn] [           main] o.f.c.internal.database.base.Database    : Flyway upgrade recommended: HSQLDB 2.7 is newer than this version of Flyway and support has not been tested. The latest supported version of HSQLDB is 2.6.
2024-04-03T14:35:45.859-03:00  INFO 3346 --- [passIn] [           main] o.f.c.i.s.JdbcTableSchemaHistory         : Schema history table "PUBLIC"."flyway_schema_history" does not exist yet
2024-04-03T14:35:45.879-03:00  INFO 3346 --- [passIn] [           main] o.f.core.internal.command.DbValidate     : Successfully validated 4 migrations (execution time 00:00.171s)
2024-04-03T14:35:45.963-03:00  INFO 3346 --- [passIn] [           main] o.f.c.i.s.JdbcTableSchemaHistory         : Creating Schema History table "PUBLIC"."flyway_schema_history" ...
2024-04-03T14:35:46.190-03:00  INFO 3346 --- [passIn] [           main] o.f.core.internal.command.DbMigrate      : Current version of schema "PUBLIC": << Empty Schema >>
2024-04-03T14:35:46.399-03:00  INFO 3346 --- [passIn] [           main] o.f.core.internal.command.DbMigrate      : Migrating schema "PUBLIC" to version "1 - create-table-events"
2024-04-03T14:35:46.616-03:00  INFO 3346 --- [passIn] [           main] o.f.core.internal.command.DbMigrate      : Migrating schema "PUBLIC" to version "2 - create-table-attendees"
2024-04-03T14:35:46.790-03:00  INFO 3346 --- [passIn] [           main] o.f.core.internal.command.DbMigrate      : Migrating schema "PUBLIC" to version "3 - create-table-checkins"
2024-04-03T14:35:46.862-03:00  INFO 3346 --- [passIn] [           main] o.f.core.internal.command.DbMigrate      : Migrating schema "PUBLIC" to version "4 - create-indexes"
2024-04-03T14:35:46.994-03:00  INFO 3346 --- [passIn] [           main] o.f.core.internal.command.DbMigrate      : Successfully applied 4 migrations to schema "PUBLIC", now at version v4 (execution time 00:00.155s)
2024-04-03T14:35:47.868-03:00  INFO 3346 --- [passIn] [           main] o.hibernate.jpa.internal.util.LogHelper  : HHH000204: Processing PersistenceUnitInfo [name: default]
2024-04-03T14:35:48.235-03:00  INFO 3346 --- [passIn] [           main] org.hibernate.Version                    : HHH000412: Hibernate ORM core version 6.4.4.Final
2024-04-03T14:35:48.437-03:00  INFO 3346 --- [passIn] [           main] o.h.c.internal.RegionFactoryInitiator    : HHH000026: Second-level cache disabled
2024-04-03T14:35:55.810-03:00  INFO 3346 --- [passIn] [           main] o.s.o.j.p.SpringPersistenceUnitInfo      : No LoadTimeWeaver setup: ignoring JPA class transformer
2024-04-03T14:36:06.438-03:00  INFO 3346 --- [passIn] [           main] o.h.e.t.j.p.i.JtaPlatformInitiator       : HHH000489: No JTA platform available (set 'hibernate.transaction.jta.platform' to enable JTA platform integration)
2024-04-03T14:36:06.458-03:00  INFO 3346 --- [passIn] [           main] j.LocalContainerEntityManagerFactoryBean : Initialized JPA EntityManagerFactory for persistence unit 'default'
2024-04-03T14:36:09.951-03:00  WARN 3346 --- [passIn] [           main] JpaBaseConfiguration$JpaWebConfiguration : spring.jpa.open-in-view is enabled by default. Therefore, database queries may be performed during view rendering. Explicitly configure spring.jpa.open-in-view to disable this warning
2024-04-03T14:36:15.329-03:00  INFO 3346 --- [passIn] [           main] c.r.passIn.PassInApplicationTests        : Started PassInApplicationTests in 59.292 seconds (process running for 67.999)
]]></system-out>
  </testcase>
</testsuite>